Flow report for calculator
<<<<<<< Updated upstream
<<<<<<< HEAD
Mon Nov 14 21:36:04 2022
=======
Mon Nov 14 21:03:02 2022
>>>>>>> 2ebe7d999722881f6ec94f0793c368851ac50cd4
=======
Wed Nov 16 23:53:33 2022
>>>>>>> Stashed changes
Quartus Prime Version 20.1.1 Build 720 11/11/2020 SJ Lite Edition


---------------------
; Table of Contents ;
---------------------
  1. Legal Notice
  2. Flow Summary
  3. Flow Settings
  4. Flow Non-Default Global Settings
  5. Flow Elapsed Time
  6. Flow OS Summary
  7. Flow Log
  8. Flow Messages
  9. Flow Suppressed Messages



----------------
; Legal Notice ;
----------------
Copyright (C) 2020  Intel Corporation. All rights reserved.
Your use of Intel Corporation's design tools, logic functions 
and other software and tools, and any partner logic 
functions, and any output files from any of the foregoing 
(including device programming or simulation files), and any 
associated documentation or information are expressly subject 
to the terms and conditions of the Intel Program License 
Subscription Agreement, the Intel Quartus Prime License Agreement,
the Intel FPGA IP License Agreement, or other applicable license
agreement, including, without limitation, that your use is for
the sole purpose of programming logic devices manufactured by
Intel and sold by Intel or its authorized distributors.  Please
refer to the applicable agreement for further details, at
https://fpgasoftware.intel.com/eula.



<<<<<<< Updated upstream
+-------------------------------------------------------------------------------+
; Flow Summary                                                                  ;
+---------------------------------+---------------------------------------------+
<<<<<<< HEAD
; Flow Status                     ; Successful - Mon Nov 14 21:36:04 2022       ;
=======
; Flow Status                     ; Successful - Mon Nov 14 21:03:02 2022       ;
>>>>>>> 2ebe7d999722881f6ec94f0793c368851ac50cd4
; Quartus Prime Version           ; 20.1.1 Build 720 11/11/2020 SJ Lite Edition ;
; Revision Name                   ; calculator                                  ;
; Top-level Entity Name           ; calculator                                  ;
; Family                          ; Cyclone V                                   ;
; Device                          ; 5CEBA4F23C7                                 ;
; Timing Models                   ; Final                                       ;
; Logic utilization (in ALMs)     ; N/A                                         ;
<<<<<<< HEAD
; Total registers                 ; 310                                         ;
=======
; Total registers                 ; 309                                         ;
>>>>>>> 2ebe7d999722881f6ec94f0793c368851ac50cd4
; Total pins                      ; 78                                          ;
; Total virtual pins              ; 0                                           ;
; Total block memory bits         ; 0                                           ;
; Total DSP Blocks                ; 0                                           ;
; Total HSSI RX PCSs              ; 0                                           ;
; Total HSSI PMA RX Deserializers ; 0                                           ;
; Total HSSI TX PCSs              ; 0                                           ;
; Total HSSI PMA TX Serializers   ; 0                                           ;
; Total PLLs                      ; 0                                           ;
; Total DLLs                      ; 0                                           ;
+---------------------------------+---------------------------------------------+
=======
+----------------------------------------------------------------------------------------+
; Flow Summary                                                                           ;
+---------------------------------+------------------------------------------------------+
; Flow Status                     ; EDA Netlist Writer Failed - Wed Nov 16 23:53:33 2022 ;
; Quartus Prime Version           ; 20.1.1 Build 720 11/11/2020 SJ Lite Edition          ;
; Revision Name                   ; calculator                                           ;
; Top-level Entity Name           ; calculator                                           ;
; Family                          ; Cyclone V                                            ;
; Device                          ; 5CEBA4F23C7                                          ;
; Timing Models                   ; Final                                                ;
; Logic utilization (in ALMs)     ; N/A                                                  ;
; Total registers                 ; 314                                                  ;
; Total pins                      ; 78                                                   ;
; Total virtual pins              ; 0                                                    ;
; Total block memory bits         ; 0                                                    ;
; Total DSP Blocks                ; 0                                                    ;
; Total HSSI RX PCSs              ; 0                                                    ;
; Total HSSI PMA RX Deserializers ; 0                                                    ;
; Total HSSI TX PCSs              ; 0                                                    ;
; Total HSSI PMA TX Serializers   ; 0                                                    ;
; Total PLLs                      ; 0                                                    ;
; Total DLLs                      ; 0                                                    ;
+---------------------------------+------------------------------------------------------+
>>>>>>> Stashed changes


+-----------------------------------------+
; Flow Settings                           ;
+-------------------+---------------------+
; Option            ; Setting             ;
+-------------------+---------------------+
<<<<<<< Updated upstream
<<<<<<< HEAD
; Start date & time ; 11/14/2022 21:31:07 ;
=======
; Start date & time ; 11/14/2022 21:02:54 ;
>>>>>>> 2ebe7d999722881f6ec94f0793c368851ac50cd4
=======
; Start date & time ; 11/16/2022 23:50:29 ;
>>>>>>> Stashed changes
; Main task         ; Compilation         ;
; Revision Name     ; calculator          ;
+-------------------+---------------------+


+-------------------------------------------------------------------------------------------------------------------------+
; Flow Non-Default Global Settings                                                                                        ;
+-------------------------------------+----------------------------------------+---------------+-------------+------------+
; Assignment Name                     ; Value                                  ; Default Value ; Entity Name ; Section Id ;
+-------------------------------------+----------------------------------------+---------------+-------------+------------+
<<<<<<< Updated upstream
<<<<<<< HEAD
; COMPILER_SIGNATURE_ID               ; 233566452322071.166843626709380        ; --            ; --          ; --         ;
=======
; COMPILER_SIGNATURE_ID               ; 136411535909355.166843457403592        ; --            ; --          ; --         ;
>>>>>>> 2ebe7d999722881f6ec94f0793c368851ac50cd4
=======
; COMPILER_SIGNATURE_ID               ; 233566452322071.166861742907260        ; --            ; --          ; --         ;
>>>>>>> Stashed changes
; MAX_CORE_JUNCTION_TEMP              ; 85                                     ; --            ; --          ; --         ;
; MIN_CORE_JUNCTION_TEMP              ; 0                                      ; --            ; --          ; --         ;
; PARTITION_COLOR                     ; -- (Not supported for targeted family) ; --            ; --          ; Top        ;
; PARTITION_FITTER_PRESERVATION_LEVEL ; -- (Not supported for targeted family) ; --            ; --          ; Top        ;
; PARTITION_NETLIST_TYPE              ; -- (Not supported for targeted family) ; --            ; --          ; Top        ;
; PROJECT_OUTPUT_DIRECTORY            ; output_files                           ; --            ; --          ; --         ;
+-------------------------------------+----------------------------------------+---------------+-------------+------------+


+--------------------------------------------------------------------------------------------------------------------------+
; Flow Elapsed Time                                                                                                        ;
+----------------------+--------------+-------------------------+---------------------+------------------------------------+
; Module Name          ; Elapsed Time ; Average Processors Used ; Peak Virtual Memory ; Total CPU Time (on all processors) ;
+----------------------+--------------+-------------------------+---------------------+------------------------------------+
<<<<<<< Updated upstream
<<<<<<< HEAD
; Analysis & Synthesis ; 00:00:12     ; 1.0                     ; 4869 MB             ; 00:00:26                           ;
; EDA Netlist Writer   ; 00:00:00     ; 1.0                     ; 4714 MB             ; 00:00:01                           ;
; EDA Netlist Writer   ; 00:00:01     ; 1.0                     ; 4724 MB             ; 00:00:01                           ;
; EDA Netlist Writer   ; 00:00:01     ; 1.0                     ; 4716 MB             ; 00:00:01                           ;
; EDA Netlist Writer   ; 00:00:01     ; 1.0                     ; 4724 MB             ; 00:00:01                           ;
; EDA Netlist Writer   ; 00:00:01     ; 1.0                     ; 4716 MB             ; 00:00:01                           ;
; EDA Netlist Writer   ; 00:00:01     ; 1.0                     ; 4724 MB             ; 00:00:01                           ;
; EDA Netlist Writer   ; 00:00:01     ; 1.0                     ; 4716 MB             ; 00:00:01                           ;
; EDA Netlist Writer   ; 00:00:01     ; 1.0                     ; 4724 MB             ; 00:00:01                           ;
; EDA Netlist Writer   ; 00:00:01     ; 1.0                     ; 4716 MB             ; 00:00:01                           ;
; EDA Netlist Writer   ; 00:00:01     ; 1.0                     ; 4724 MB             ; 00:00:01                           ;
; EDA Netlist Writer   ; 00:00:01     ; 1.0                     ; 4716 MB             ; 00:00:01                           ;
; EDA Netlist Writer   ; 00:00:01     ; 1.0                     ; 4724 MB             ; 00:00:01                           ;
; EDA Netlist Writer   ; 00:00:01     ; 1.0                     ; 4716 MB             ; 00:00:01                           ;
; EDA Netlist Writer   ; 00:00:01     ; 1.0                     ; 4724 MB             ; 00:00:01                           ;
; EDA Netlist Writer   ; 00:00:01     ; 1.0                     ; 4716 MB             ; 00:00:01                           ;
; EDA Netlist Writer   ; 00:00:01     ; 1.0                     ; 4724 MB             ; 00:00:01                           ;
; Total                ; 00:00:27     ; --                      ; --                  ; 00:00:42                           ;
=======
; Analysis & Synthesis ; 00:00:09     ; 1.0                     ; 4871 MB             ; 00:00:08                           ;
; Total                ; 00:00:09     ; --                      ; --                  ; 00:00:08                           ;
>>>>>>> 2ebe7d999722881f6ec94f0793c368851ac50cd4
=======
; Analysis & Synthesis ; 00:00:12     ; 1.0                     ; 4866 MB             ; 00:00:25                           ;
; EDA Netlist Writer   ; 00:00:00     ; 1.0                     ; 4710 MB             ; 00:00:01                           ;
; EDA Netlist Writer   ; 00:00:01     ; 1.0                     ; 4717 MB             ; 00:00:01                           ;
; EDA Netlist Writer   ; 00:00:01     ; 1.0                     ; 4713 MB             ; 00:00:01                           ;
; Total                ; 00:00:14     ; --                      ; --                  ; 00:00:28                           ;
>>>>>>> Stashed changes
+----------------------+--------------+-------------------------+---------------------+------------------------------------+


+------------------------------------------------------------------------------------+
; Flow OS Summary                                                                    ;
+----------------------+------------------+------------+------------+----------------+
; Module Name          ; Machine Hostname ; OS Name    ; OS Version ; Processor type ;
+----------------------+------------------+------------+------------+----------------+
<<<<<<< Updated upstream
<<<<<<< HEAD
=======
>>>>>>> Stashed changes
; Analysis & Synthesis ; DESKTOP-AIPEEU7  ; Windows 10 ; 10.0       ; x86_64         ;
; EDA Netlist Writer   ; DESKTOP-AIPEEU7  ; Windows 10 ; 10.0       ; x86_64         ;
; EDA Netlist Writer   ; DESKTOP-AIPEEU7  ; Windows 10 ; 10.0       ; x86_64         ;
; EDA Netlist Writer   ; DESKTOP-AIPEEU7  ; Windows 10 ; 10.0       ; x86_64         ;
<<<<<<< Updated upstream
; EDA Netlist Writer   ; DESKTOP-AIPEEU7  ; Windows 10 ; 10.0       ; x86_64         ;
; EDA Netlist Writer   ; DESKTOP-AIPEEU7  ; Windows 10 ; 10.0       ; x86_64         ;
; EDA Netlist Writer   ; DESKTOP-AIPEEU7  ; Windows 10 ; 10.0       ; x86_64         ;
; EDA Netlist Writer   ; DESKTOP-AIPEEU7  ; Windows 10 ; 10.0       ; x86_64         ;
; EDA Netlist Writer   ; DESKTOP-AIPEEU7  ; Windows 10 ; 10.0       ; x86_64         ;
; EDA Netlist Writer   ; DESKTOP-AIPEEU7  ; Windows 10 ; 10.0       ; x86_64         ;
; EDA Netlist Writer   ; DESKTOP-AIPEEU7  ; Windows 10 ; 10.0       ; x86_64         ;
; EDA Netlist Writer   ; DESKTOP-AIPEEU7  ; Windows 10 ; 10.0       ; x86_64         ;
; EDA Netlist Writer   ; DESKTOP-AIPEEU7  ; Windows 10 ; 10.0       ; x86_64         ;
; EDA Netlist Writer   ; DESKTOP-AIPEEU7  ; Windows 10 ; 10.0       ; x86_64         ;
; EDA Netlist Writer   ; DESKTOP-AIPEEU7  ; Windows 10 ; 10.0       ; x86_64         ;
; EDA Netlist Writer   ; DESKTOP-AIPEEU7  ; Windows 10 ; 10.0       ; x86_64         ;
; EDA Netlist Writer   ; DESKTOP-AIPEEU7  ; Windows 10 ; 10.0       ; x86_64         ;
=======
; Analysis & Synthesis ; DESKTOP-2IBT45H  ; Windows 10 ; 10.0       ; x86_64         ;
>>>>>>> 2ebe7d999722881f6ec94f0793c368851ac50cd4
=======
>>>>>>> Stashed changes
+----------------------+------------------+------------+------------+----------------+


------------
; Flow Log ;
------------
quartus_map --read_settings_files=on --write_settings_files=off calculator -c calculator
<<<<<<< Updated upstream
<<<<<<< HEAD
quartus_eda --gen_testbench --tool=modelsim_oem --format=vhdl --write_settings_files=off calculator -c calculator --vector_source="C:/DATA/2nd KMUTNB/Logic design/calculator/Project/Waveform10.vwf" --testbench_file="C:/DATA/2nd KMUTNB/Logic design/calculator/Project/simulation/qsim/Waveform10.vwf.vht"
quartus_eda --write_settings_files=off --simulation=on --functional=on --flatten_buses=off --tool=modelsim_oem --format=vhdl --output_directory="C:/DATA/2nd KMUTNB/Logic design/calculator/Project/simulation/qsim/" calculator -c calculator
quartus_eda --gen_testbench --tool=modelsim_oem --format=vhdl --write_settings_files=off calculator -c calculator --vector_source="C:/DATA/2nd KMUTNB/Logic design/calculator/Project/Waveform10.vwf" --testbench_file="C:/DATA/2nd KMUTNB/Logic design/calculator/Project/simulation/qsim/Waveform10.vwf.vht"
quartus_eda --write_settings_files=off --simulation=on --functional=on --flatten_buses=off --tool=modelsim_oem --format=vhdl --output_directory="C:/DATA/2nd KMUTNB/Logic design/calculator/Project/simulation/qsim/" calculator -c calculator
quartus_eda --gen_testbench --tool=modelsim_oem --format=vhdl --write_settings_files=off calculator -c calculator --vector_source="C:/DATA/2nd KMUTNB/Logic design/calculator/Project/Waveform10.vwf" --testbench_file="C:/DATA/2nd KMUTNB/Logic design/calculator/Project/simulation/qsim/Waveform10.vwf.vht"
quartus_eda --write_settings_files=off --simulation=on --functional=on --flatten_buses=off --tool=modelsim_oem --format=vhdl --output_directory="C:/DATA/2nd KMUTNB/Logic design/calculator/Project/simulation/qsim/" calculator -c calculator
quartus_eda --gen_testbench --tool=modelsim_oem --format=vhdl --write_settings_files=off calculator -c calculator --vector_source="C:/DATA/2nd KMUTNB/Logic design/calculator/Project/Waveform10.vwf" --testbench_file="C:/DATA/2nd KMUTNB/Logic design/calculator/Project/simulation/qsim/Waveform10.vwf.vht"
quartus_eda --write_settings_files=off --simulation=on --functional=on --flatten_buses=off --tool=modelsim_oem --format=vhdl --output_directory="C:/DATA/2nd KMUTNB/Logic design/calculator/Project/simulation/qsim/" calculator -c calculator
quartus_eda --gen_testbench --tool=modelsim_oem --format=vhdl --write_settings_files=off calculator -c calculator --vector_source="C:/DATA/2nd KMUTNB/Logic design/calculator/Project/Waveform10.vwf" --testbench_file="C:/DATA/2nd KMUTNB/Logic design/calculator/Project/simulation/qsim/Waveform10.vwf.vht"
quartus_eda --write_settings_files=off --simulation=on --functional=on --flatten_buses=off --tool=modelsim_oem --format=vhdl --output_directory="C:/DATA/2nd KMUTNB/Logic design/calculator/Project/simulation/qsim/" calculator -c calculator
quartus_eda --gen_testbench --tool=modelsim_oem --format=vhdl --write_settings_files=off calculator -c calculator --vector_source="C:/DATA/2nd KMUTNB/Logic design/calculator/Project/Waveform10.vwf" --testbench_file="C:/DATA/2nd KMUTNB/Logic design/calculator/Project/simulation/qsim/Waveform10.vwf.vht"
quartus_eda --write_settings_files=off --simulation=on --functional=on --flatten_buses=off --tool=modelsim_oem --format=vhdl --output_directory="C:/DATA/2nd KMUTNB/Logic design/calculator/Project/simulation/qsim/" calculator -c calculator
quartus_eda --gen_testbench --tool=modelsim_oem --format=vhdl --write_settings_files=off calculator -c calculator --vector_source="C:/DATA/2nd KMUTNB/Logic design/calculator/Project/Waveform10.vwf" --testbench_file="C:/DATA/2nd KMUTNB/Logic design/calculator/Project/simulation/qsim/Waveform10.vwf.vht"
quartus_eda --write_settings_files=off --simulation=on --functional=on --flatten_buses=off --tool=modelsim_oem --format=vhdl --output_directory="C:/DATA/2nd KMUTNB/Logic design/calculator/Project/simulation/qsim/" calculator -c calculator
quartus_eda --gen_testbench --tool=modelsim_oem --format=vhdl --write_settings_files=off calculator -c calculator --vector_source="C:/DATA/2nd KMUTNB/Logic design/calculator/Project/Waveform10.vwf" --testbench_file="C:/DATA/2nd KMUTNB/Logic design/calculator/Project/simulation/qsim/Waveform10.vwf.vht"
quartus_eda --write_settings_files=off --simulation=on --functional=on --flatten_buses=off --tool=modelsim_oem --format=vhdl --output_directory="C:/DATA/2nd KMUTNB/Logic design/calculator/Project/simulation/qsim/" calculator -c calculator
=======
>>>>>>> 2ebe7d999722881f6ec94f0793c368851ac50cd4
=======
quartus_eda --gen_testbench --tool=modelsim_oem --format=vhdl --write_settings_files=off calculator -c calculator --vector_source="C:/DATA/2nd KMUTNB/Logic design/calculator/Project/Waveform2.vwf" --testbench_file="C:/DATA/2nd KMUTNB/Logic design/calculator/Project/simulation/qsim/Waveform2.vwf.vht"
quartus_eda --write_settings_files=off --simulation=on --functional=on --flatten_buses=off --tool=modelsim_oem --format=vhdl --output_directory="C:/DATA/2nd KMUTNB/Logic design/calculator/Project/simulation/qsim/" calculator -c calculator
quartus_eda --gen_testbench --tool=modelsim_oem --format=vhdl --write_settings_files=off calculator -c calculator --vector_source="D:/year_2/Digital Lab/FinalCalculator/Waveform.vwf" --testbench_file="D:/year_2/Digital Lab/FinalCalculator/simulation/qsim/Waveform.vwf.vht"
>>>>>>> Stashed changes



